<?xml version="1.0" encoding="UTF-8"?>
<!-- Generated by org.testng.reporters.JUnitXMLReporter -->
<testsuite hostname="Ronkes-Air" ignored="0" name="Test" tests="6" failures="0" timestamp="17 Oct 2020 11:12:34 GMT" time="0.05" errors="0">
  <testcase name="oneFA" time="0.011" classname="Notch.MavenJava.RestAssuredTest"/>
  <testcase name="twoFA" time="0.0" classname="Notch.MavenJava.RestAssuredTest"/>
  <testcase name="selJava" time="0.0" classname="Notch.MavenJava.SeleiumTest"/>
  <testcase name="selPython" time="0.001" classname="Notch.MavenJava.SeleiumTest"/>
  <testcase name="AndroidApp" time="0.001" classname="Notch.MavenJava.AppiumTest"/>
  <testcase name="IOSApp" time="0.0" classname="Notch.MavenJava.AppiumTest"/>
</testsuite> <!-- Test -->
