<?xml version="1.0" encoding="UTF-8"?>
<testsuite xmlns:xsi="http://www.w3.org/2001/XMLSchema-instance" xsi:noNamespaceSchemaLocation="https://maven.apache.org/surefire/maven-surefire-plugin/xsd/surefire-test-report-3.0.xsd" version="3.0" name="TestSuite" time="2.173" tests="6" errors="0" skipped="0" failures="0">
  <properties>
[...]
</properties>
  <testcase name="oneFA" classname="Notch.MavenJava.RestAssuredTest" time="0.006">
    <system-out><![CDATA[[TestNGContentHandler] [WARN] It is strongly recommended to add "<!DOCTYPE suite SYSTEM "http://testng.org/testng-1.0.dtd" >" at the top of your file, otherwise TestNG may fail or not work as expected.
It is a 1FATest
]]></system-out>
  </testcase>
  <testcase name="twoFA" classname="Notch.MavenJava.RestAssuredTest" time="0">
    <system-out><![CDATA[It is a 2FA Test
]]></system-out>
  </testcase>
  <testcase name="selJava" classname="Notch.MavenJava.SeleiumTest" time="0">
    <system-out><![CDATA[It is a sel Java Test
]]></system-out>
  </testcase>
  <testcase name="selPython" classname="Notch.MavenJava.SeleiumTest" time="0">
    <system-out><![CDATA[It is a sel Python Test
]]></system-out>
  </testcase>
  <testcase name="AndroidApp" classname="Notch.MavenJava.AppiumTest" time="0">
    <system-out><![CDATA[It is an android Test
]]></system-out>
  </testcase>
  <testcase name="IOSApp" classname="Notch.MavenJava.AppiumTest" time="0">
    <system-out><![CDATA[It is an IOS Test
]]></system-out>
  </testcase>
</testsuite>