<?xml version="1.0" encoding="UTF-8"?>
<testng-results skipped="0" failed="0" ignored="0" total="6" passed="6">
  <reporter-output>
  </reporter-output>
  <suite name="Suite" duration-ms="50" started-at="2020-10-17T11:12:34Z" finished-at="2020-10-17T11:12:34Z">
    <groups>
    </groups>
    <test name="Test" duration-ms="50" started-at="2020-10-17T11:12:34Z" finished-at="2020-10-17T11:12:34Z">
      <class name="Notch.MavenJava.RestAssuredTest">
        <test-method status="PASS" signature="oneFA()[pri:0, instance:Notch.MavenJava.RestAssuredTest@12405818]" name="oneFA" duration-ms="11" started-at="2020-10-17T12:12:34Z" finished-at="2020-10-17T12:12:34Z">
          <reporter-output>
          </reporter-output>
        </test-method> <!-- oneFA -->
        <test-method status="PASS" signature="twoFA()[pri:0, instance:Notch.MavenJava.RestAssuredTest@12405818]" name="twoFA" duration-ms="0" started-at="2020-10-17T12:12:34Z" finished-at="2020-10-17T12:12:34Z">
          <reporter-output>
          </reporter-output>
        </test-method> <!-- twoFA -->
      </class> <!-- Notch.MavenJava.RestAssuredTest -->
      <class name="Notch.MavenJava.AppiumTest">
        <test-method status="PASS" signature="AndroidApp()[pri:0, instance:Notch.MavenJava.AppiumTest@16267862]" name="AndroidApp" duration-ms="1" started-at="2020-10-17T12:12:34Z" finished-at="2020-10-17T12:12:34Z">
          <reporter-output>
          </reporter-output>
        </test-method> <!-- AndroidApp -->
        <test-method status="PASS" signature="IOSApp()[pri:0, instance:Notch.MavenJava.AppiumTest@16267862]" name="IOSApp" duration-ms="0" started-at="2020-10-17T12:12:34Z" finished-at="2020-10-17T12:12:34Z">
          <reporter-output>
          </reporter-output>
        </test-method> <!-- IOSApp -->
      </class> <!-- Notch.MavenJava.AppiumTest -->
      <class name="Notch.MavenJava.SeleiumTest">
        <test-method status="PASS" signature="selJava()[pri:0, instance:Notch.MavenJava.SeleiumTest@6b67034]" name="selJava" duration-ms="0" started-at="2020-10-17T12:12:34Z" finished-at="2020-10-17T12:12:34Z">
          <reporter-output>
          </reporter-output>
        </test-method> <!-- selJava -->
        <test-method status="PASS" signature="selPython()[pri:0, instance:Notch.MavenJava.SeleiumTest@6b67034]" name="selPython" duration-ms="1" started-at="2020-10-17T12:12:34Z" finished-at="2020-10-17T12:12:34Z">
          <reporter-output>
          </reporter-output>
        </test-method> <!-- selPython -->
      </class> <!-- Notch.MavenJava.SeleiumTest -->
    </test> <!-- Test -->
  </suite> <!-- Suite -->
</testng-results>
